#
# There is insufficient memory for the Java Runtime Environment to continue.
# Native memory allocation (malloc) failed to allocate 1954144 bytes for Chunk::new
# Possible reasons:
#   The system is out of physical RAM or swap space
#   The process is running with CompressedOops enabled, and the Java Heap may be blocking the growth of the native heap
# Possible solutions:
#   Reduce memory load on the system
#   Increase physical memory or swap space
#   Check if swap backing store is full
#   Decrease Java heap size (-Xmx/-Xms)
#   Decrease number of Java threads
#   Decrease Java thread stack sizes (-Xss)
#   Set larger code cache with -XX:ReservedCodeCacheSize=
#   JVM is running with Zero Based Compressed Oops mode in which the Java heap is
#     placed in the first 32GB address space. The Java Heap base address is the
#     maximum limit for the native heap growth. Please use -XX:HeapBaseMinAddress
#     to set the Java Heap base and to place the Java Heap above 32GB virtual address.
# This output file may be truncated or incomplete.
#
#  Out of Memory Error (arena.cpp:184), pid=25364, tid=9244
#
# JRE version: OpenJDK Runtime Environment (20.0+36) (build 20+36-2344)
# Java VM: OpenJDK 64-Bit Server VM (20+36-2344, mixed mode, sharing, tiered, compressed oops, compressed class ptrs, g1 gc, windows-amd64)
# No core dump will be written. Minidumps are not enabled by default on client versions of Windows
#

---------------  S U M M A R Y ------------

Command Line: -javaagent:C:\Program Files\JetBrains\IntelliJ IDEA Community Edition 2022.2.3\lib\idea_rt.jar=59411:C:\Program Files\JetBrains\IntelliJ IDEA Community Edition 2022.2.3\bin -Dfile.encoding=UTF-8 -Dsun.stdout.encoding=UTF-8 -Dsun.stderr.encoding=UTF-8 Spring.example.salesinvoice.SalesinvoiceApplication

Host: 12th Gen Intel(R) Core(TM) i5-1245U, 12 cores, 15G,  Windows 10 , 64 bit Build 19041 (10.0.19041.2788)
Time: Tue Apr 25 11:59:34 2023 South Africa Standard Time elapsed time: 7.091157 seconds (0d 0h 0m 7s)

---------------  T H R E A D  ---------------

Current thread (0x000002cf3bcc3670):  JavaThread "C2 CompilerThread0" daemon [_thread_in_native, id=9244, stack(0x000000d91ac00000,0x000000d91ad00000)]


Current CompileTask:
C2:   7091 2669   !   4       jdk.internal.loader.BuiltinClassLoader::loadClassOrNull (143 bytes)

Stack: [0x000000d91ac00000,0x000000d91ad00000]
Native frames: (J=compiled Java code, j=interpreted, Vv=VM code, C=native code)
V  [jvm.dll+0x6bb95a]
V  [jvm.dll+0x8483aa]
V  [jvm.dll+0x849fa5]
V  [jvm.dll+0x84a6a3]
V  [jvm.dll+0x280b0f]
V  [jvm.dll+0xc2b11]
V  [jvm.dll+0xc2e35]
V  [jvm.dll+0x3bb17c]
V  [jvm.dll+0x1e6e39]
V  [jvm.dll+0x24b3ab]
V  [jvm.dll+0x24a651]
V  [jvm.dll+0x1ce491]
V  [jvm.dll+0x259e1b]
V  [jvm.dll+0x2584f0]
V  [jvm.dll+0x3f2895]
V  [jvm.dll+0x7f4906]
V  [jvm.dll+0x6ba5cb]
C  [ucrtbase.dll+0x21bb2]
C  [KERNEL32.DLL+0x17604]
C  [ntdll.dll+0x526a1]


---------------  P R O C E S S  ---------------

Threads class SMR info:
_java_thread_list=0x000002cf4181d310, length=14, elements={
0x000002cf1ca2aff0, 0x000002cf3bcbb070, 0x000002cf3bcbce80, 0x000002cf3bcbeb30,
0x000002cf3bcbf670, 0x000002cf3bcc20c0, 0x000002cf3bcc2a00, 0x000002cf3bcc3670,
0x000002cf3bcc3ff0, 0x000002cf405ff9b0, 0x000002cf408d6bf0, 0x000002cf408d7140,
0x000002cf416f3190, 0x000002cf429d8d20
}

Java Threads: ( => current thread )
  0x000002cf1ca2aff0 JavaThread "main" [_thread_in_native, id=15012, stack(0x000000d919f00000,0x000000d91a000000)]
  0x000002cf3bcbb070 JavaThread "Reference Handler" daemon [_thread_blocked, id=14796, stack(0x000000d91a600000,0x000000d91a700000)]
  0x000002cf3bcbce80 JavaThread "Finalizer" daemon [_thread_blocked, id=24008, stack(0x000000d91a700000,0x000000d91a800000)]
  0x000002cf3bcbeb30 JavaThread "Signal Dispatcher" daemon [_thread_blocked, id=31008, stack(0x000000d91a800000,0x000000d91a900000)]
  0x000002cf3bcbf670 JavaThread "Attach Listener" daemon [_thread_blocked, id=13772, stack(0x000000d91a900000,0x000000d91aa00000)]
  0x000002cf3bcc20c0 JavaThread "Service Thread" daemon [_thread_blocked, id=10544, stack(0x000000d91aa00000,0x000000d91ab00000)]
  0x000002cf3bcc2a00 JavaThread "Monitor Deflation Thread" daemon [_thread_blocked, id=16196, stack(0x000000d91ab00000,0x000000d91ac00000)]
=>0x000002cf3bcc3670 JavaThread "C2 CompilerThread0" daemon [_thread_in_native, id=9244, stack(0x000000d91ac00000,0x000000d91ad00000)]
  0x000002cf3bcc3ff0 JavaThread "C1 CompilerThread0" daemon [_thread_in_vm, id=10160, stack(0x000000d91ad00000,0x000000d91ae00000)]
  0x000002cf405ff9b0 JavaThread "Common-Cleaner" daemon [_thread_blocked, id=14020, stack(0x000000d91ae00000,0x000000d91af00000)]
  0x000002cf408d6bf0 JavaThread "Monitor Ctrl-Break" daemon [_thread_in_native, id=16040, stack(0x000000d91af00000,0x000000d91b000000)]
  0x000002cf408d7140 JavaThread "Notification Thread" daemon [_thread_blocked, id=18860, stack(0x000000d91b000000,0x000000d91b100000)]
  0x000002cf416f3190 JavaThread "C2 CompilerThread1" daemon [_thread_in_native, id=30856, stack(0x000000d91bb00000,0x000000d91bc00000)]
  0x000002cf429d8d20 JavaThread "C2 CompilerThread2" daemon [_thread_in_native, id=24832, stack(0x000000d91bc00000,0x000000d91bd00000)]

Other Threads:
  0x000002cf3bca0d60 VMThread "VM Thread" [stack: 0x000000d91a500000,0x000000d91a600000] [id=9860]
  0x000002cf40a26910 WatcherThread "VM Periodic Task Thread" [stack: 0x000000d91b100000,0x000000d91b200000] [id=17304]
  0x000002cf1ca98cf0 WorkerThread "GC Thread#0" [stack: 0x000000d91a000000,0x000000d91a100000] [id=10716]
  0x000002cf40df0570 WorkerThread "GC Thread#1" [stack: 0x000000d91b200000,0x000000d91b300000] [id=19836]
  0x000002cf40def760 WorkerThread "GC Thread#2" [stack: 0x000000d91b300000,0x000000d91b400000] [id=19060]
  0x000002cf40deec20 WorkerThread "GC Thread#3" [stack: 0x000000d91b400000,0x000000d91b500000] [id=20768]
  0x000002cf40defa30 WorkerThread "GC Thread#4" [stack: 0x000000d91b500000,0x000000d91b600000] [id=11868]
  0x000002cf40deeef0 WorkerThread "GC Thread#5" [stack: 0x000000d91b600000,0x000000d91b700000] [id=33832]
  0x000002cf40defd00 WorkerThread "GC Thread#6" [stack: 0x000000d91b700000,0x000000d91b800000] [id=31268]
  0x000002cf40def1c0 WorkerThread "GC Thread#7" [stack: 0x000000d91b800000,0x000000d91b900000] [id=23320]
  0x000002cf40def490 WorkerThread "GC Thread#8" [stack: 0x000000d91b900000,0x000000d91ba00000] [id=36788]
  0x000002cf40deffd0 WorkerThread "GC Thread#9" [stack: 0x000000d91ba00000,0x000000d91bb00000] [id=6200]
  0x000002cf1caa9710 ConcurrentGCThread "G1 Main Marker" [stack: 0x000000d91a100000,0x000000d91a200000] [id=8848]
  0x000002cf1caaa2e0 WorkerThread "G1 Conc#0" [stack: 0x000000d91a200000,0x000000d91a300000] [id=36432]
  0x000002cf1caee6d0 ConcurrentGCThread "G1 Refine#0" [stack: 0x000000d91a300000,0x000000d91a400000] [id=12928]
  0x000002cf3bb616b0 ConcurrentGCThread "G1 Service" [stack: 0x000000d91a400000,0x000000d91a500000] [id=13988]

Threads with active compile tasks:
C2 CompilerThread0     7194 2669   !   4       jdk.internal.loader.BuiltinClassLoader::loadClassOrNull (143 bytes)
C1 CompilerThread0     7194 2811   !   3       org.springframework.core.ResolvableType::getSuperType (53 bytes)
C2 CompilerThread1     7200 2761       4       java.lang.invoke.MethodType::methodType (69 bytes)
C2 CompilerThread2     7200 2769       4       java.lang.Class::getPackageName (81 bytes)

VM state: not at safepoint (normal execution)

VM Mutex/Monitor currently owned by a thread: None

Heap address: 0x0000000704e00000, size: 4018 MB, Compressed Oops mode: Zero based, Oop shift amount: 3

CDS archive(s) mapped at: [0x0000000800000000-0x0000000800c60000-0x0000000800c60000), size 12976128, SharedBaseAddress: 0x0000000800000000, ArchiveRelocationMode: 0.
Compressed class space mapped at: 0x0000000801000000-0x0000000841000000, reserved size: 1073741824
Narrow klass base: 0x0000000800000000, Narrow klass shift: 0, Narrow klass range: 0x100000000

GC Precious Log:
 CardTable entry size: 512
 Card Set container configuration: InlinePtr #cards 4 size 8 Array Of Cards #cards 16 size 48 Howl #buckets 8 coarsen threshold 3686 Howl Bitmap #cards 512 size 80 coarsen threshold 460 Card regions per heap region 1 cards per card region 4096
 CPUs: 12 total, 12 available
 Memory: 16068M
 Large Page Support: Disabled
 NUMA Support: Disabled
 Compressed Oops: Enabled (Zero based)
 Heap Region Size: 2M
 Heap Min Capacity: 8M
 Heap Initial Capacity: 252M
 Heap Max Capacity: 4018M
 Pre-touch: Disabled
 Parallel Workers: 10
 Concurrent Workers: 3
 Concurrent Refinement Workers: 10
 Periodic GC: Disabled

Heap:
 garbage-first heap   total 258048K, used 48089K [0x0000000704e00000, 0x0000000800000000)
  region size 2048K, 22 young (45056K), 1 survivors (2048K)
 Metaspace       used 19576K, committed 19840K, reserved 1114112K
  class space    used 2325K, committed 2496K, reserved 1048576K

Heap Regions: E=young(eden), S=young(survivor), O=old, HS=humongous(starts), HC=humongous(continues), CS=collection set, F=free, OA=open archive, CA=closed archive, TAMS=top-at-mark-start, PB=parsable bottom
|   0|0x0000000704e00000, 0x0000000705000000, 0x0000000705000000|100%| O|  |TAMS 0x0000000704e00000| PB 0x0000000704e00000| Untracked 
|   1|0x0000000705000000, 0x0000000705200000, 0x0000000705200000|100%| O|  |TAMS 0x0000000705000000| PB 0x0000000705000000| Untracked 
|   2|0x0000000705200000, 0x0000000705400000, 0x0000000705400000|100%| O|  |TAMS 0x0000000705200000| PB 0x0000000705200000| Untracked 
|   3|0x0000000705400000, 0x0000000705599200, 0x0000000705600000| 79%| O|  |TAMS 0x0000000705400000| PB 0x0000000705400000| Untracked 
|   4|0x0000000705600000, 0x0000000705600000, 0x0000000705800000|  0%| F|  |TAMS 0x0000000705600000| PB 0x0000000705600000| Untracked 
|   5|0x0000000705800000, 0x0000000705800000, 0x0000000705a00000|  0%| F|  |TAMS 0x0000000705800000| PB 0x0000000705800000| Untracked 
|   6|0x0000000705a00000, 0x0000000705a00000, 0x0000000705c00000|  0%| F|  |TAMS 0x0000000705a00000| PB 0x0000000705a00000| Untracked 
|   7|0x0000000705c00000, 0x0000000705c00000, 0x0000000705e00000|  0%| F|  |TAMS 0x0000000705c00000| PB 0x0000000705c00000| Untracked 
|   8|0x0000000705e00000, 0x0000000705e00000, 0x0000000706000000|  0%| F|  |TAMS 0x0000000705e00000| PB 0x0000000705e00000| Untracked 
|   9|0x0000000706000000, 0x0000000706000000, 0x0000000706200000|  0%| F|  |TAMS 0x0000000706000000| PB 0x0000000706000000| Untracked 
|  10|0x0000000706200000, 0x0000000706200000, 0x0000000706400000|  0%| F|  |TAMS 0x0000000706200000| PB 0x0000000706200000| Untracked 
|  11|0x0000000706400000, 0x0000000706400000, 0x0000000706600000|  0%| F|  |TAMS 0x0000000706400000| PB 0x0000000706400000| Untracked 
|  12|0x0000000706600000, 0x0000000706600000, 0x0000000706800000|  0%| F|  |TAMS 0x0000000706600000| PB 0x0000000706600000| Untracked 
|  13|0x0000000706800000, 0x0000000706800000, 0x0000000706a00000|  0%| F|  |TAMS 0x0000000706800000| PB 0x0000000706800000| Untracked 
|  14|0x0000000706a00000, 0x0000000706a00000, 0x0000000706c00000|  0%| F|  |TAMS 0x0000000706a00000| PB 0x0000000706a00000| Untracked 
|  15|0x0000000706c00000, 0x0000000706c00000, 0x0000000706e00000|  0%| F|  |TAMS 0x0000000706c00000| PB 0x0000000706c00000| Untracked 
|  16|0x0000000706e00000, 0x0000000706e00000, 0x0000000707000000|  0%| F|  |TAMS 0x0000000706e00000| PB 0x0000000706e00000| Untracked 
|  17|0x0000000707000000, 0x0000000707000000, 0x0000000707200000|  0%| F|  |TAMS 0x0000000707000000| PB 0x0000000707000000| Untracked 
|  18|0x0000000707200000, 0x0000000707200000, 0x0000000707400000|  0%| F|  |TAMS 0x0000000707200000| PB 0x0000000707200000| Untracked 
|  19|0x0000000707400000, 0x0000000707400000, 0x0000000707600000|  0%| F|  |TAMS 0x0000000707400000| PB 0x0000000707400000| Untracked 
|  20|0x0000000707600000, 0x0000000707600000, 0x0000000707800000|  0%| F|  |TAMS 0x0000000707600000| PB 0x0000000707600000| Untracked 
|  21|0x0000000707800000, 0x0000000707800000, 0x0000000707a00000|  0%| F|  |TAMS 0x0000000707800000| PB 0x0000000707800000| Untracked 
|  22|0x0000000707a00000, 0x0000000707a00000, 0x0000000707c00000|  0%| F|  |TAMS 0x0000000707a00000| PB 0x0000000707a00000| Untracked 
|  23|0x0000000707c00000, 0x0000000707c00000, 0x0000000707e00000|  0%| F|  |TAMS 0x0000000707c00000| PB 0x0000000707c00000| Untracked 
|  24|0x0000000707e00000, 0x0000000707e00000, 0x0000000708000000|  0%| F|  |TAMS 0x0000000707e00000| PB 0x0000000707e00000| Untracked 
|  25|0x0000000708000000, 0x0000000708000000, 0x0000000708200000|  0%| F|  |TAMS 0x0000000708000000| PB 0x0000000708000000| Untracked 
|  26|0x0000000708200000, 0x0000000708200000, 0x0000000708400000|  0%| F|  |TAMS 0x0000000708200000| PB 0x0000000708200000| Untracked 
|  27|0x0000000708400000, 0x0000000708400000, 0x0000000708600000|  0%| F|  |TAMS 0x0000000708400000| PB 0x0000000708400000| Untracked 
|  28|0x0000000708600000, 0x0000000708600000, 0x0000000708800000|  0%| F|  |TAMS 0x0000000708600000| PB 0x0000000708600000| Untracked 
|  29|0x0000000708800000, 0x0000000708800000, 0x0000000708a00000|  0%| F|  |TAMS 0x0000000708800000| PB 0x0000000708800000| Untracked 
|  30|0x0000000708a00000, 0x0000000708a00000, 0x0000000708c00000|  0%| F|  |TAMS 0x0000000708a00000| PB 0x0000000708a00000| Untracked 
|  31|0x0000000708c00000, 0x0000000708c00000, 0x0000000708e00000|  0%| F|  |TAMS 0x0000000708c00000| PB 0x0000000708c00000| Untracked 
|  32|0x0000000708e00000, 0x0000000708e00000, 0x0000000709000000|  0%| F|  |TAMS 0x0000000708e00000| PB 0x0000000708e00000| Untracked 
|  33|0x0000000709000000, 0x0000000709000000, 0x0000000709200000|  0%| F|  |TAMS 0x0000000709000000| PB 0x0000000709000000| Untracked 
|  34|0x0000000709200000, 0x0000000709200000, 0x0000000709400000|  0%| F|  |TAMS 0x0000000709200000| PB 0x0000000709200000| Untracked 
|  35|0x0000000709400000, 0x0000000709400000, 0x0000000709600000|  0%| F|  |TAMS 0x0000000709400000| PB 0x0000000709400000| Untracked 
|  36|0x0000000709600000, 0x0000000709600000, 0x0000000709800000|  0%| F|  |TAMS 0x0000000709600000| PB 0x0000000709600000| Untracked 
|  37|0x0000000709800000, 0x0000000709800000, 0x0000000709a00000|  0%| F|  |TAMS 0x0000000709800000| PB 0x0000000709800000| Untracked 
|  38|0x0000000709a00000, 0x0000000709a00000, 0x0000000709c00000|  0%| F|  |TAMS 0x0000000709a00000| PB 0x0000000709a00000| Untracked 
|  39|0x0000000709c00000, 0x0000000709c00000, 0x0000000709e00000|  0%| F|  |TAMS 0x0000000709c00000| PB 0x0000000709c00000| Untracked 
|  40|0x0000000709e00000, 0x0000000709e00000, 0x000000070a000000|  0%| F|  |TAMS 0x0000000709e00000| PB 0x0000000709e00000| Untracked 
|  41|0x000000070a000000, 0x000000070a000000, 0x000000070a200000|  0%| F|  |TAMS 0x000000070a000000| PB 0x000000070a000000| Untracked 
|  42|0x000000070a200000, 0x000000070a200000, 0x000000070a400000|  0%| F|  |TAMS 0x000000070a200000| PB 0x000000070a200000| Untracked 
|  43|0x000000070a400000, 0x000000070a400000, 0x000000070a600000|  0%| F|  |TAMS 0x000000070a400000| PB 0x000000070a400000| Untracked 
|  44|0x000000070a600000, 0x000000070a600000, 0x000000070a800000|  0%| F|  |TAMS 0x000000070a600000| PB 0x000000070a600000| Untracked 
|  45|0x000000070a800000, 0x000000070a800000, 0x000000070aa00000|  0%| F|  |TAMS 0x000000070a800000| PB 0x000000070a800000| Untracked 
|  46|0x000000070aa00000, 0x000000070aa00000, 0x000000070ac00000|  0%| F|  |TAMS 0x000000070aa00000| PB 0x000000070aa00000| Untracked 
|  47|0x000000070ac00000, 0x000000070ac00000, 0x000000070ae00000|  0%| F|  |TAMS 0x000000070ac00000| PB 0x000000070ac00000| Untracked 
|  48|0x000000070ae00000, 0x000000070ae00000, 0x000000070b000000|  0%| F|  |TAMS 0x000000070ae00000| PB 0x000000070ae00000| Untracked 
|  49|0x000000070b000000, 0x000000070b000000, 0x000000070b200000|  0%| F|  |TAMS 0x000000070b000000| PB 0x000000070b000000| Untracked 
|  50|0x000000070b200000, 0x000000070b200000, 0x000000070b400000|  0%| F|  |TAMS 0x000000070b200000| PB 0x000000070b200000| Untracked 
|  51|0x000000070b400000, 0x000000070b400000, 0x000000070b600000|  0%| F|  |TAMS 0x000000070b400000| PB 0x000000070b400000| Untracked 
|  52|0x000000070b600000, 0x000000070b600000, 0x000000070b800000|  0%| F|  |TAMS 0x000000070b600000| PB 0x000000070b600000| Untracked 
|  53|0x000000070b800000, 0x000000070b800000, 0x000000070ba00000|  0%| F|  |TAMS 0x000000070b800000| PB 0x000000070b800000| Untracked 
|  54|0x000000070ba00000, 0x000000070ba00000, 0x000000070bc00000|  0%| F|  |TAMS 0x000000070ba00000| PB 0x000000070ba00000| Untracked 
|  55|0x000000070bc00000, 0x000000070bc00000, 0x000000070be00000|  0%| F|  |TAMS 0x000000070bc00000| PB 0x000000070bc00000| Untracked 
|  56|0x000000070be00000, 0x000000070be00000, 0x000000070c000000|  0%| F|  |TAMS 0x000000070be00000| PB 0x000000070be00000| Untracked 
|  57|0x000000070c000000, 0x000000070c000000, 0x000000070c200000|  0%| F|  |TAMS 0x000000070c000000| PB 0x000000070c000000| Untracked 
|  58|0x000000070c200000, 0x000000070c200000, 0x000000070c400000|  0%| F|  |TAMS 0x000000070c200000| PB 0x000000070c200000| Untracked 
|  59|0x000000070c400000, 0x000000070c400000, 0x000000070c600000|  0%| F|  |TAMS 0x000000070c400000| PB 0x000000070c400000| Untracked 
|  60|0x000000070c600000, 0x000000070c600000, 0x000000070c800000|  0%| F|  |TAMS 0x000000070c600000| PB 0x000000070c600000| Untracked 
|  61|0x000000070c800000, 0x000000070c800000, 0x000000070ca00000|  0%| F|  |TAMS 0x000000070c800000| PB 0x000000070c800000| Untracked 
|  62|0x000000070ca00000, 0x000000070ca00000, 0x000000070cc00000|  0%| F|  |TAMS 0x000000070ca00000| PB 0x000000070ca00000| Untracked 
|  63|0x000000070cc00000, 0x000000070cc00000, 0x000000070ce00000|  0%| F|  |TAMS 0x000000070cc00000| PB 0x000000070cc00000| Untracked 
|  64|0x000000070ce00000, 0x000000070ce00000, 0x000000070d000000|  0%| F|  |TAMS 0x000000070ce00000| PB 0x000000070ce00000| Untracked 
|  65|0x000000070d000000, 0x000000070d000000, 0x000000070d200000|  0%| F|  |TAMS 0x000000070d000000| PB 0x000000070d000000| Untracked 
|  66|0x000000070d200000, 0x000000070d200000, 0x000000070d400000|  0%| F|  |TAMS 0x000000070d200000| PB 0x000000070d200000| Untracked 
|  67|0x000000070d400000, 0x000000070d400000, 0x000000070d600000|  0%| F|  |TAMS 0x000000070d400000| PB 0x000000070d400000| Untracked 
|  68|0x000000070d600000, 0x000000070d600000, 0x000000070d800000|  0%| F|  |TAMS 0x000000070d600000| PB 0x000000070d600000| Untracked 
|  69|0x000000070d800000, 0x000000070d800000, 0x000000070da00000|  0%| F|  |TAMS 0x000000070d800000| PB 0x000000070d800000| Untracked 
|  70|0x000000070da00000, 0x000000070da00000, 0x000000070dc00000|  0%| F|  |TAMS 0x000000070da00000| PB 0x000000070da00000| Untracked 
|  71|0x000000070dc00000, 0x000000070dc00000, 0x000000070de00000|  0%| F|  |TAMS 0x000000070dc00000| PB 0x000000070dc00000| Untracked 
|  72|0x000000070de00000, 0x000000070de00000, 0x000000070e000000|  0%| F|  |TAMS 0x000000070de00000| PB 0x000000070de00000| Untracked 
|  73|0x000000070e000000, 0x000000070e000000, 0x000000070e200000|  0%| F|  |TAMS 0x000000070e000000| PB 0x000000070e000000| Untracked 
|  74|0x000000070e200000, 0x000000070e200000, 0x000000070e400000|  0%| F|  |TAMS 0x000000070e200000| PB 0x000000070e200000| Untracked 
|  75|0x000000070e400000, 0x000000070e400000, 0x000000070e600000|  0%| F|  |TAMS 0x000000070e400000| PB 0x000000070e400000| Untracked 
|  76|0x000000070e600000, 0x000000070e600000, 0x000000070e800000|  0%| F|  |TAMS 0x000000070e600000| PB 0x000000070e600000| Untracked 
|  77|0x000000070e800000, 0x000000070e800000, 0x000000070ea00000|  0%| F|  |TAMS 0x000000070e800000| PB 0x000000070e800000| Untracked 
|  78|0x000000070ea00000, 0x000000070ea00000, 0x000000070ec00000|  0%| F|  |TAMS 0x000000070ea00000| PB 0x000000070ea00000| Untracked 
|  79|0x000000070ec00000, 0x000000070ec00000, 0x000000070ee00000|  0%| F|  |TAMS 0x000000070ec00000| PB 0x000000070ec00000| Untracked 
|  80|0x000000070ee00000, 0x000000070ee00000, 0x000000070f000000|  0%| F|  |TAMS 0x000000070ee00000| PB 0x000000070ee00000| Untracked 
|  81|0x000000070f000000, 0x000000070f000000, 0x000000070f200000|  0%| F|  |TAMS 0x000000070f000000| PB 0x000000070f000000| Untracked 
|  82|0x000000070f200000, 0x000000070f200000, 0x000000070f400000|  0%| F|  |TAMS 0x000000070f200000| PB 0x000000070f200000| Untracked 
|  83|0x000000070f400000, 0x000000070f400000, 0x000000070f600000|  0%| F|  |TAMS 0x000000070f400000| PB 0x000000070f400000| Untracked 
|  84|0x000000070f600000, 0x000000070f600000, 0x000000070f800000|  0%| F|  |TAMS 0x000000070f600000| PB 0x000000070f600000| Untracked 
|  85|0x000000070f800000, 0x000000070f800000, 0x000000070fa00000|  0%| F|  |TAMS 0x000000070f800000| PB 0x000000070f800000| Untracked 
|  86|0x000000070fa00000, 0x000000070fa00000, 0x000000070fc00000|  0%| F|  |TAMS 0x000000070fa00000| PB 0x000000070fa00000| Untracked 
|  87|0x000000070fc00000, 0x000000070fc00000, 0x000000070fe00000|  0%| F|  |TAMS 0x000000070fc00000| PB 0x000000070fc00000| Untracked 
|  88|0x000000070fe00000, 0x000000070fe00000, 0x0000000710000000|  0%| F|  |TAMS 0x000000070fe00000| PB 0x000000070fe00000| Untracked 
|  89|0x0000000710000000, 0x0000000710000000, 0x0000000710200000|  0%| F|  |TAMS 0x0000000710000000| PB 0x0000000710000000| Untracked 
|  90|0x0000000710200000, 0x0000000710200000, 0x0000000710400000|  0%| F|  |TAMS 0x0000000710200000| PB 0x0000000710200000| Untracked 
|  91|0x0000000710400000, 0x0000000710400000, 0x0000000710600000|  0%| F|  |TAMS 0x0000000710400000| PB 0x0000000710400000| Untracked 
|  92|0x0000000710600000, 0x0000000710600000, 0x0000000710800000|  0%| F|  |TAMS 0x0000000710600000| PB 0x0000000710600000| Untracked 
|  93|0x0000000710800000, 0x0000000710800000, 0x0000000710a00000|  0%| F|  |TAMS 0x0000000710800000| PB 0x0000000710800000| Untracked 
|  94|0x0000000710a00000, 0x0000000710a00000, 0x0000000710c00000|  0%| F|  |TAMS 0x0000000710a00000| PB 0x0000000710a00000| Untracked 
|  95|0x0000000710c00000, 0x0000000710c00000, 0x0000000710e00000|  0%| F|  |TAMS 0x0000000710c00000| PB 0x0000000710c00000| Untracked 
|  96|0x0000000710e00000, 0x0000000710e00000, 0x0000000711000000|  0%| F|  |TAMS 0x0000000710e00000| PB 0x0000000710e00000| Untracked 
|  97|0x0000000711000000, 0x0000000711000000, 0x0000000711200000|  0%| F|  |TAMS 0x0000000711000000| PB 0x0000000711000000| Untracked 
|  98|0x0000000711200000, 0x0000000711200000, 0x0000000711400000|  0%| F|  |TAMS 0x0000000711200000| PB 0x0000000711200000| Untracked 
|  99|0x0000000711400000, 0x0000000711400000, 0x0000000711600000|  0%| F|  |TAMS 0x0000000711400000| PB 0x0000000711400000| Untracked 
| 100|0x0000000711600000, 0x0000000711600000, 0x0000000711800000|  0%| F|  |TAMS 0x0000000711600000| PB 0x0000000711600000| Untracked 
| 101|0x0000000711800000, 0x0000000711800000, 0x0000000711a00000|  0%| F|  |TAMS 0x0000000711800000| PB 0x0000000711800000| Untracked 
| 102|0x0000000711a00000, 0x0000000711a00000, 0x0000000711c00000|  0%| F|  |TAMS 0x0000000711a00000| PB 0x0000000711a00000| Untracked 
| 103|0x0000000711c00000, 0x0000000711c00000, 0x0000000711e00000|  0%| F|  |TAMS 0x0000000711c00000| PB 0x0000000711c00000| Untracked 
| 104|0x0000000711e00000, 0x0000000711f8bc58, 0x0000000712000000| 77%| E|  |TAMS 0x0000000711e00000| PB 0x0000000711e00000| Complete 
| 105|0x0000000712000000, 0x0000000712200000, 0x0000000712200000|100%| E|CS|TAMS 0x0000000712000000| PB 0x0000000712000000| Complete 
| 106|0x0000000712200000, 0x0000000712400000, 0x0000000712400000|100%| E|CS|TAMS 0x0000000712200000| PB 0x0000000712200000| Complete 
| 107|0x0000000712400000, 0x0000000712600000, 0x0000000712600000|100%| E|CS|TAMS 0x0000000712400000| PB 0x0000000712400000| Complete 
| 108|0x0000000712600000, 0x0000000712800000, 0x0000000712800000|100%| E|CS|TAMS 0x0000000712600000| PB 0x0000000712600000| Complete 
| 109|0x0000000712800000, 0x0000000712a00000, 0x0000000712a00000|100%| E|CS|TAMS 0x0000000712800000| PB 0x0000000712800000| Complete 
| 110|0x0000000712a00000, 0x0000000712c00000, 0x0000000712c00000|100%| E|CS|TAMS 0x0000000712a00000| PB 0x0000000712a00000| Complete 
| 111|0x0000000712c00000, 0x0000000712e00000, 0x0000000712e00000|100%| E|CS|TAMS 0x0000000712c00000| PB 0x0000000712c00000| Complete 
| 112|0x0000000712e00000, 0x0000000712f5d320, 0x0000000713000000| 68%| S|CS|TAMS 0x0000000712e00000| PB 0x0000000712e00000| Complete 
| 113|0x0000000713000000, 0x0000000713200000, 0x0000000713200000|100%| E|CS|TAMS 0x0000000713000000| PB 0x0000000713000000| Complete 
| 114|0x0000000713200000, 0x0000000713400000, 0x0000000713400000|100%| E|CS|TAMS 0x0000000713200000| PB 0x0000000713200000| Complete 
| 115|0x0000000713400000, 0x0000000713600000, 0x0000000713600000|100%| E|CS|TAMS 0x0000000713400000| PB 0x0000000713400000| Complete 
| 116|0x0000000713600000, 0x0000000713800000, 0x0000000713800000|100%| E|CS|TAMS 0x0000000713600000| PB 0x0000000713600000| Complete 
| 117|0x0000000713800000, 0x0000000713a00000, 0x0000000713a00000|100%| E|CS|TAMS 0x0000000713800000| PB 0x0000000713800000| Complete 
| 118|0x0000000713a00000, 0x0000000713c00000, 0x0000000713c00000|100%| E|CS|TAMS 0x0000000713a00000| PB 0x0000000713a00000| Complete 
| 119|0x0000000713c00000, 0x0000000713e00000, 0x0000000713e00000|100%| E|CS|TAMS 0x0000000713c00000| PB 0x0000000713c00000| Complete 
| 120|0x0000000713e00000, 0x0000000714000000, 0x0000000714000000|100%| E|CS|TAMS 0x0000000713e00000| PB 0x0000000713e00000| Complete 
| 121|0x0000000714000000, 0x0000000714200000, 0x0000000714200000|100%| E|  |TAMS 0x0000000714000000| PB 0x0000000714000000| Complete 
| 122|0x0000000714200000, 0x0000000714400000, 0x0000000714400000|100%| E|CS|TAMS 0x0000000714200000| PB 0x0000000714200000| Complete 
| 123|0x0000000714400000, 0x0000000714600000, 0x0000000714600000|100%| E|CS|TAMS 0x0000000714400000| PB 0x0000000714400000| Complete 
| 124|0x0000000714600000, 0x0000000714800000, 0x0000000714800000|100%| E|CS|TAMS 0x0000000714600000| PB 0x0000000714600000| Complete 
| 125|0x0000000714800000, 0x0000000714a00000, 0x0000000714a00000|100%| E|CS|TAMS 0x0000000714800000| PB 0x0000000714800000| Complete 

Card table byte_map: [0x000002cf34810000,0x000002cf34ff0000] _byte_map_base: 0x000002cf30fe9000

Marking Bits: (CMBitMap*) 0x000002cf1ca99320
 Bits: [0x000002cf357d0000, 0x000002cf39698000)

Polling page: 0x000002cf1c1f0000

Metaspace:

Usage:
  Non-class:     16.85 MB used.
      Class:      2.27 MB used.
       Both:     19.12 MB used.

Virtual space:
  Non-class space:       64.00 MB reserved,      16.94 MB ( 26%) committed,  1 nodes.
      Class space:        1.00 GB reserved,       2.44 MB ( <1%) committed,  1 nodes.
             Both:        1.06 GB reserved,      19.38 MB (  2%) committed. 

Chunk freelists:
   Non-Class:  2.62 MB
       Class:  1.61 MB
        Both:  4.23 MB

MaxMetaspaceSize: unlimited
CompressedClassSpaceSize: 1.00 GB
Initial GC threshold: 21.00 MB
Current GC threshold: 21.00 MB
CDS: on
MetaspaceReclaimPolicy: balanced
 - commit_granule_bytes: 65536.
 - commit_granule_words: 8192.
 - virtual_space_node_default_size: 8388608.
 - enlarge_chunks_in_place: 1.
 - new_chunks_are_fully_committed: 0.
 - uncommit_free_chunks: 1.
 - use_allocation_guard: 0.


Internal statistics:

num_allocs_failed_limit: 0.
num_arena_births: 218.
num_arena_deaths: 0.
num_vsnodes_births: 2.
num_vsnodes_deaths: 0.
num_space_committed: 310.
num_space_uncommitted: 0.
num_chunks_returned_to_freelist: 0.
num_chunks_taken_from_freelist: 825.
num_chunk_merges: 0.
num_chunk_splits: 595.
num_chunks_enlarged: 499.
num_inconsistent_stats: 0.

CodeHeap 'non-profiled nmethods': size=120000Kb used=1092Kb max_used=1092Kb free=118907Kb
 bounds [0x000002cf2c5b0000, 0x000002cf2c820000, 0x000002cf33ae0000]
CodeHeap 'profiled nmethods': size=120000Kb used=5745Kb max_used=5745Kb free=114254Kb
 bounds [0x000002cf24ae0000, 0x000002cf25080000, 0x000002cf2c010000]
CodeHeap 'non-nmethods': size=5760Kb used=1464Kb max_used=1498Kb free=4295Kb
 bounds [0x000002cf2c010000, 0x000002cf2c280000, 0x000002cf2c5b0000]
 total_blobs=3296 nmethods=2802 adapters=404
 compilation: enabled
              stopped_count=0, restarted_count=0
 full_count=0

Compilation events (20 events):
Event: 6.991 Thread 0x000002cf3bcc3ff0 2788       3       org.springframework.core.ResolvableType::isInstance (21 bytes)
Event: 6.992 Thread 0x000002cf3bcc3ff0 nmethod 2788 0x000002cf2506bf90 code [0x000002cf2506c120, 0x000002cf2506c3b0]
Event: 6.992 Thread 0x000002cf3bcc3ff0 2789       3       org.springframework.core.annotation.MergedAnnotationPredicates$UniquePredicate::test (9 bytes)
Event: 6.993 Thread 0x000002cf3bcc3ff0 nmethod 2789 0x000002cf2506c490 code [0x000002cf2506c640, 0x000002cf2506ca58]
Event: 6.993 Thread 0x000002cf3bcc3ff0 2790       3       org.springframework.core.annotation.MergedAnnotationPredicates$UniquePredicate::test (22 bytes)
Event: 6.994 Thread 0x000002cf3bcc3ff0 nmethod 2790 0x000002cf2506cb90 code [0x000002cf2506cd40, 0x000002cf2506cff0]
Event: 6.994 Thread 0x000002cf3bcc3ff0 2791       3       org.springframework.core.annotation.TypeMappedAnnotation::getMetaTypes (8 bytes)
Event: 6.994 Thread 0x000002cf3bcc3ff0 nmethod 2791 0x000002cf2506d110 code [0x000002cf2506d2a0, 0x000002cf2506d3d8]
Event: 6.994 Thread 0x000002cf3bcc3ff0 2787       3       java.util.TreeMap::get (19 bytes)
Event: 6.995 Thread 0x000002cf3bcc3ff0 nmethod 2787 0x000002cf2506d490 code [0x000002cf2506d640, 0x000002cf2506d800]
Event: 6.996 Thread 0x000002cf3bcc3ff0 2793       3       sun.reflect.annotation.AnnotationParser::parseClassArray (19 bytes)
Event: 6.998 Thread 0x000002cf3bcc3ff0 nmethod 2793 0x000002cf2506d910 code [0x000002cf2506db00, 0x000002cf2506e288]
Event: 7.043 Thread 0x000002cf3bcc3ff0 2794   !   3       jdk.internal.loader.AbstractClassLoaderValue::computeIfAbsent (113 bytes)
Event: 7.048 Thread 0x000002cf3bcc3ff0 nmethod 2794 0x000002cf2506e510 code [0x000002cf2506e7c0, 0x000002cf2506f628]
Event: 7.048 Thread 0x000002cf3bcc3ff0 2795       3       java.lang.Class::getGenericSuperclass (28 bytes)
Event: 7.051 Thread 0x000002cf3bcc3ff0 nmethod 2795 0x000002cf2506fc90 code [0x000002cf2506fec0, 0x000002cf250708d8]
Event: 7.055 Thread 0x000002cf3bcc3ff0 2796       3       jdk.internal.reflect.Reflection::filter (165 bytes)
Event: 7.058 Thread 0x000002cf3bcc3ff0 nmethod 2796 0x000002cf25070c10 code [0x000002cf25070e80, 0x000002cf25071c90]
Event: 7.060 Thread 0x000002cf3bcc3ff0 2798       1       java.util.Collections$SingletonSet::size (2 bytes)
Event: 7.061 Thread 0x000002cf3bcc3ff0 nmethod 2798 0x000002cf2c6bf010 code [0x000002cf2c6bf180, 0x000002cf2c6bf248]

GC Heap History (4 events):
Event: 2.947 GC heap before
{Heap before GC invocations=0 (full 0):
 garbage-first heap   total 258048K, used 22528K [0x0000000704e00000, 0x0000000800000000)
  region size 2048K, 11 young (22528K), 0 survivors (0K)
 Metaspace       used 6180K, committed 6400K, reserved 1114112K
  class space    used 681K, committed 768K, reserved 1048576K
}
Event: 2.958 GC heap after
{Heap after GC invocations=1 (full 0):
 garbage-first heap   total 258048K, used 7325K [0x0000000704e00000, 0x0000000800000000)
  region size 2048K, 2 young (4096K), 2 survivors (4096K)
 Metaspace       used 6180K, committed 6400K, reserved 1114112K
  class space    used 681K, committed 768K, reserved 1048576K
}
Event: 4.261 GC heap before
{Heap before GC invocations=1 (full 0):
 garbage-first heap   total 258048K, used 27805K [0x0000000704e00000, 0x0000000800000000)
  region size 2048K, 13 young (26624K), 2 survivors (4096K)
 Metaspace       used 12367K, committed 12672K, reserved 1114112K
  class space    used 1446K, committed 1600K, reserved 1048576K
}
Event: 4.270 GC heap after
{Heap after GC invocations=2 (full 0):
 garbage-first heap   total 258048K, used 9177K [0x0000000704e00000, 0x0000000800000000)
  region size 2048K, 1 young (2048K), 1 survivors (2048K)
 Metaspace       used 12367K, committed 12672K, reserved 1114112K
  class space    used 1446K, committed 1600K, reserved 1048576K
}

Dll operation events (13 events):
Event: 0.041 Loaded shared library C:\Users\A248737\.jdks\openjdk-20\bin\java.dll
Event: 0.066 Loaded shared library C:\Users\A248737\.jdks\openjdk-20\bin\jsvml.dll
Event: 0.549 Loaded shared library C:\Users\A248737\.jdks\openjdk-20\bin\zip.dll
Event: 0.559 Loaded shared library C:\Users\A248737\.jdks\openjdk-20\bin\instrument.dll
Event: 0.586 Loaded shared library C:\Users\A248737\.jdks\openjdk-20\bin\net.dll
Event: 0.591 Loaded shared library C:\Users\A248737\.jdks\openjdk-20\bin\nio.dll
Event: 0.596 Loaded shared library C:\Users\A248737\.jdks\openjdk-20\bin\zip.dll
Event: 0.954 Loaded shared library C:\Program Files\JetBrains\IntelliJ IDEA Community Edition 2022.2.3\bin\breakgen64.dll
Event: 1.014 Loaded shared library C:\Users\A248737\.jdks\openjdk-20\bin\extnet.dll
Event: 1.079 Loaded shared library C:\Users\A248737\.jdks\openjdk-20\bin\verify.dll
Event: 1.113 Loaded shared library C:\Users\A248737\.jdks\openjdk-20\bin\jimage.dll
Event: 3.453 Loaded shared library C:\Users\A248737\.jdks\openjdk-20\bin\management.dll
Event: 3.485 Loaded shared library C:\Users\A248737\.jdks\openjdk-20\bin\management_ext.dll

Deoptimization events (20 events):
Event: 6.567 Thread 0x000002cf1ca2aff0 Uncommon trap: trap_request=0xffffff45 fr.pc=0x000002cf2c6ab8a0 relative=0x0000000000000200
Event: 6.567 Thread 0x000002cf1ca2aff0 Uncommon trap: reason=unstable_if action=reinterpret pc=0x000002cf2c6ab8a0 method=org.springframework.beans.factory.support.AbstractBeanFactory.isFactoryBean(Ljava/lang/String;Lorg/springframework/beans/factory/support/RootBeanDefinition;)Z @ 38 c2
Event: 6.567 Thread 0x000002cf1ca2aff0 DEOPT PACKING pc=0x000002cf2c6ab8a0 sp=0x000000d919ffe960
Event: 6.567 Thread 0x000002cf1ca2aff0 DEOPT UNPACKING pc=0x000002cf2c079d22 sp=0x000000d919ffe920 mode 2
Event: 6.753 Thread 0x000002cf1ca2aff0 DEOPT PACKING pc=0x000002cf24e2e644 sp=0x000000d919ffdbf0
Event: 6.753 Thread 0x000002cf1ca2aff0 DEOPT UNPACKING pc=0x000002cf2c07a4c2 sp=0x000000d919ffd148 mode 0
Event: 6.765 Thread 0x000002cf1ca2aff0 Uncommon trap: trap_request=0xffffffde fr.pc=0x000002cf2c688d18 relative=0x0000000000000438
Event: 6.765 Thread 0x000002cf1ca2aff0 Uncommon trap: reason=class_check action=maybe_recompile pc=0x000002cf2c688d18 method=org.springframework.util.ConcurrentReferenceHashMap$Segment.findInChain(Lorg/springframework/util/ConcurrentReferenceHashMap$Reference;Ljava/lang/Object;I)Lorg/springfra
Event: 6.765 Thread 0x000002cf1ca2aff0 DEOPT PACKING pc=0x000002cf2c688d18 sp=0x000000d919ffea70
Event: 6.765 Thread 0x000002cf1ca2aff0 DEOPT UNPACKING pc=0x000002cf2c079d22 sp=0x000000d919ffe898 mode 2
Event: 6.858 Thread 0x000002cf1ca2aff0 Uncommon trap: trap_request=0xffffffde fr.pc=0x000002cf2c688d18 relative=0x0000000000000438
Event: 6.859 Thread 0x000002cf1ca2aff0 Uncommon trap: reason=class_check action=maybe_recompile pc=0x000002cf2c688d18 method=org.springframework.util.ConcurrentReferenceHashMap$Segment.findInChain(Lorg/springframework/util/ConcurrentReferenceHashMap$Reference;Ljava/lang/Object;I)Lorg/springfra
Event: 6.859 Thread 0x000002cf1ca2aff0 DEOPT PACKING pc=0x000002cf2c688d18 sp=0x000000d919ffea70
Event: 6.859 Thread 0x000002cf1ca2aff0 DEOPT UNPACKING pc=0x000002cf2c079d22 sp=0x000000d919ffe898 mode 2
Event: 6.949 Thread 0x000002cf1ca2aff0 Uncommon trap: trap_request=0xffffff45 fr.pc=0x000002cf2c6b9910 relative=0x0000000000001fb0
Event: 6.949 Thread 0x000002cf1ca2aff0 Uncommon trap: reason=unstable_if action=reinterpret pc=0x000002cf2c6b9910 method=org.springframework.beans.factory.support.AbstractBeanFactory.isTypeMatch(Ljava/lang/String;Lorg/springframework/core/ResolvableType;Z)Z @ 466 c2
Event: 6.949 Thread 0x000002cf1ca2aff0 DEOPT PACKING pc=0x000002cf2c6b9910 sp=0x000000d919ffe8c0
Event: 6.949 Thread 0x000002cf1ca2aff0 DEOPT UNPACKING pc=0x000002cf2c079d22 sp=0x000000d919ffe888 mode 2
Event: 6.956 Thread 0x000002cf1ca2aff0 DEOPT PACKING pc=0x000002cf24e6cd6e sp=0x000000d919ffce40
Event: 6.956 Thread 0x000002cf1ca2aff0 DEOPT UNPACKING pc=0x000002cf2c07a4c2 sp=0x000000d919ffc350 mode 0

Classes loaded (20 events):
Event: 6.430 Loading class java/lang/ObjectCustomizer
Event: 6.430 Loading class java/lang/ObjectCustomizer done
Event: 6.430 Loading class java/lang/ObjectCustomizer
Event: 6.430 Loading class java/lang/ObjectCustomizer done
Event: 6.771 Loading class java/util/stream/Streams$RangeIntSpliterator
Event: 6.774 Loading class java/util/stream/Streams$RangeIntSpliterator done
Event: 6.782 Loading class java/util/stream/IntPipeline$1
Event: 6.783 Loading class java/util/stream/IntPipeline$1 done
Event: 6.784 Loading class java/util/stream/IntPipeline$1$1
Event: 6.784 Loading class java/util/stream/IntPipeline$1$1 done
Event: 6.841 Loading class java/util/stream/Streams$ConcatSpliterator$OfRef
Event: 6.842 Loading class java/util/stream/Streams$ConcatSpliterator
Event: 6.843 Loading class java/util/stream/Streams$ConcatSpliterator done
Event: 6.843 Loading class java/util/stream/Streams$ConcatSpliterator$OfRef done
Event: 6.844 Loading class java/util/stream/Streams$2
Event: 6.844 Loading class java/util/stream/Streams$2 done
Event: 6.924 Loading class java/util/stream/ReferencePipeline$15
Event: 6.925 Loading class java/util/stream/ReferencePipeline$15 done
Event: 6.928 Loading class java/util/stream/ReferencePipeline$15$1
Event: 6.928 Loading class java/util/stream/ReferencePipeline$15$1 done

Classes unloaded (0 events):
No events

Classes redefined (0 events):
No events

Internal exceptions (20 events):
Event: 4.681 Thread 0x000002cf1ca2aff0 Exception <a 'java/lang/ClassNotFoundException'{0x0000000714062bd8}: org/springframework/beans/factory/AwareCustomizer> (0x0000000714062bd8) 
thrown [s\open\src\hotspot\share\classfile\systemDictionary.cpp, line 305]
Event: 4.682 Thread 0x000002cf1ca2aff0 Exception <a 'java/lang/ClassNotFoundException'{0x0000000714065bd8}: org/springframework/context/ApplicationStartupAwareCustomizer> (0x0000000714065bd8) 
thrown [s\open\src\hotspot\share\classfile\systemDictionary.cpp, line 305]
Event: 4.682 Thread 0x000002cf1ca2aff0 Exception <a 'java/lang/ClassNotFoundException'{0x0000000714069c68}: org/springframework/beans/factory/AwareCustomizer> (0x0000000714069c68) 
thrown [s\open\src\hotspot\share\classfile\systemDictionary.cpp, line 305]
Event: 4.683 Thread 0x000002cf1ca2aff0 Exception <a 'java/lang/ClassNotFoundException'{0x000000071406ca60}: org/springframework/beans/factory/BeanClassLoaderAwareCustomizer> (0x000000071406ca60) 
thrown [s\open\src\hotspot\share\classfile\systemDictionary.cpp, line 305]
Event: 4.683 Thread 0x000002cf1ca2aff0 Exception <a 'java/lang/ClassNotFoundException'{0x0000000714070850}: org/springframework/beans/factory/AwareCustomizer> (0x0000000714070850) 
thrown [s\open\src\hotspot\share\classfile\systemDictionary.cpp, line 305]
Event: 4.684 Thread 0x000002cf1ca2aff0 Exception <a 'java/lang/ClassNotFoundException'{0x00000007140733f8}: org/springframework/context/EnvironmentAwareCustomizer> (0x00000007140733f8) 
thrown [s\open\src\hotspot\share\classfile\systemDictionary.cpp, line 305]
Event: 4.684 Thread 0x000002cf1ca2aff0 Exception <a 'java/lang/ClassNotFoundException'{0x0000000714077180}: org/springframework/beans/factory/AwareCustomizer> (0x0000000714077180) 
thrown [s\open\src\hotspot\share\classfile\systemDictionary.cpp, line 305]
Event: 4.773 Thread 0x000002cf1ca2aff0 Exception <a 'java/lang/NoSuchMethodError'{0x0000000714143040}: 'java.lang.Object java.lang.invoke.DirectMethodHandle$Holder.invokeVirtual(java.lang.Object, java.lang.Object, java.lang.Object)'> (0x0000000714143040) 
thrown [s\open\src\hotspot\share\interpreter\linkResolver.cpp, line 773]
Event: 5.238 Thread 0x000002cf1ca2aff0 Exception <a 'java/lang/IncompatibleClassChangeError'{0x0000000713831670}: Found class java.lang.Object, but interface was expected> (0x0000000713831670) 
thrown [s\open\src\hotspot\share\interpreter\linkResolver.cpp, line 840]
Event: 5.299 Thread 0x000002cf1ca2aff0 Exception <a 'java/lang/NoSuchMethodError'{0x00000007139934b8}: 'void java.lang.invoke.DirectMethodHandle$Holder.invokeInterface(java.lang.Object, java.lang.Object, java.lang.Object, java.lang.Object)'> (0x00000007139934b8) 
thrown [s\open\src\hotspot\share\interpreter\linkResolver.cpp, line 773]
Event: 6.430 Thread 0x000002cf1ca2aff0 Exception <a 'java/lang/ClassNotFoundException'{0x0000000712518dd8}: java/lang/ObjectCustomizer> (0x0000000712518dd8) 
thrown [s\open\src\hotspot\share\classfile\systemDictionary.cpp, line 305]
Event: 6.432 Thread 0x000002cf1ca2aff0 Exception <a 'java/lang/ClassNotFoundException'{0x000000071251ee30}: org/mybatis/spring/mapper/MapperScannerConfigurerCustomizer> (0x000000071251ee30) 
thrown [s\open\src\hotspot\share\classfile\systemDictionary.cpp, line 305]
Event: 6.436 Thread 0x000002cf1ca2aff0 Exception <a 'java/lang/ClassNotFoundException'{0x00000007125408a8}: org/springframework/beans/factory/support/BeanDefinitionRegistryPostProcessorCustomizer> (0x00000007125408a8) 
thrown [s\open\src\hotspot\share\classfile\systemDictionary.cpp, line 305]
Event: 6.437 Thread 0x000002cf1ca2aff0 Exception <a 'java/lang/ClassNotFoundException'{0x00000007125444d8}: org/springframework/beans/factory/config/BeanFactoryPostProcessorCustomizer> (0x00000007125444d8) 
thrown [s\open\src\hotspot\share\classfile\systemDictionary.cpp, line 305]
Event: 6.439 Thread 0x000002cf1ca2aff0 Exception <a 'java/lang/ClassNotFoundException'{0x0000000712547dd0}: org/springframework/beans/factory/InitializingBeanCustomizer> (0x0000000712547dd0) 
thrown [s\open\src\hotspot\share\classfile\systemDictionary.cpp, line 305]
Event: 6.440 Thread 0x000002cf1ca2aff0 Exception <a 'java/lang/ClassNotFoundException'{0x000000071254b5d8}: org/springframework/context/ApplicationContextAwareCustomizer> (0x000000071254b5d8) 
thrown [s\open\src\hotspot\share\classfile\systemDictionary.cpp, line 305]
Event: 6.442 Thread 0x000002cf1ca2aff0 Exception <a 'java/lang/ClassNotFoundException'{0x000000071254fa70}: org/springframework/beans/factory/AwareCustomizer> (0x000000071254fa70) 
thrown [s\open\src\hotspot\share\classfile\systemDictionary.cpp, line 305]
Event: 6.443 Thread 0x000002cf1ca2aff0 Exception <a 'java/lang/ClassNotFoundException'{0x0000000712552738}: org/springframework/beans/factory/BeanNameAwareCustomizer> (0x0000000712552738) 
thrown [s\open\src\hotspot\share\classfile\systemDictionary.cpp, line 305]
Event: 6.445 Thread 0x000002cf1ca2aff0 Exception <a 'java/lang/ClassNotFoundException'{0x0000000712556498}: org/springframework/beans/factory/AwareCustomizer> (0x0000000712556498) 
thrown [s\open\src\hotspot\share\classfile\systemDictionary.cpp, line 305]
Event: 6.778 Thread 0x000002cf1ca2aff0 Exception <a 'java/lang/NoSuchMethodError'{0x000000071216a760}: 'java.lang.Object java.lang.invoke.DirectMethodHandle$Holder.invokeStatic(java.lang.Object, java.lang.Object, java.lang.Object, java.lang.Object, int)'> (0x000000071216a760) 
thrown [s\open\src\hotspot\share\interpreter\linkResolver.cpp, line 773]

VM Operations (20 events):
Event: 4.261 Executing VM operation: G1CollectForAllocation
Event: 4.270 Executing VM operation: G1CollectForAllocation done
Event: 4.636 Executing VM operation: HandshakeAllThreads
Event: 4.636 Executing VM operation: HandshakeAllThreads done
Event: 4.743 Executing VM operation: HandshakeAllThreads
Event: 4.743 Executing VM operation: HandshakeAllThreads done
Event: 5.510 Executing VM operation: ICBufferFull
Event: 5.510 Executing VM operation: ICBufferFull done
Event: 6.059 Executing VM operation: HandshakeAllThreads
Event: 6.059 Executing VM operation: HandshakeAllThreads done
Event: 6.360 Executing VM operation: ICBufferFull
Event: 6.361 Executing VM operation: ICBufferFull done
Event: 6.708 Executing VM operation: HandshakeAllThreads
Event: 6.708 Executing VM operation: HandshakeAllThreads done
Event: 6.708 Executing VM operation: HandshakeAllThreads
Event: 6.708 Executing VM operation: HandshakeAllThreads done
Event: 6.749 Executing VM operation: HandshakeAllThreads
Event: 6.750 Executing VM operation: HandshakeAllThreads done
Event: 6.943 Executing VM operation: HandshakeAllThreads
Event: 6.943 Executing VM operation: HandshakeAllThreads done

Events (20 events):
Event: 0.127 Thread 0x000002cf3bcc3ff0 Thread added: 0x000002cf3bcc3ff0
Event: 0.467 Thread 0x000002cf405ff9b0 Thread added: 0x000002cf405ff9b0
Event: 0.955 Thread 0x000002cf408d6bf0 Thread added: 0x000002cf408d6bf0
Event: 0.955 Thread 0x000002cf408d7140 Thread added: 0x000002cf408d7140
Event: 1.288 Thread 0x000002cf40a9db70 Thread added: 0x000002cf40a9db70
Event: 2.058 Thread 0x000002cf40a9db70 Thread exited: 0x000002cf40a9db70
Event: 3.327 Thread 0x000002cf4130ac30 Thread added: 0x000002cf4130ac30
Event: 3.602 Thread 0x000002cf4130ac30 Thread exited: 0x000002cf4130ac30
Event: 3.660 Thread 0x000002cf41380a80 Thread added: 0x000002cf41380a80
Event: 3.846 Thread 0x000002cf4134b770 Thread added: 0x000002cf4134b770
Event: 3.958 Thread 0x000002cf41380a80 Thread exited: 0x000002cf41380a80
Event: 4.242 Thread 0x000002cf4142b930 Thread added: 0x000002cf4142b930
Event: 4.506 Thread 0x000002cf4134b770 Thread exited: 0x000002cf4134b770
Event: 4.641 Thread 0x000002cf4142b930 Thread exited: 0x000002cf4142b930
Event: 5.077 Thread 0x000002cf4159cb20 Thread added: 0x000002cf4159cb20
Event: 5.145 Thread 0x000002cf4159cb20 Thread exited: 0x000002cf4159cb20
Event: 5.443 Thread 0x000002cf416f3190 Thread added: 0x000002cf416f3190
Event: 5.753 Thread 0x000002cf419a9840 Thread added: 0x000002cf419a9840
Event: 6.864 Thread 0x000002cf419a9840 Thread exited: 0x000002cf419a9840
Event: 6.989 Thread 0x000002cf429d8d20 Thread added: 0x000002cf429d8d20


Dynamic libraries:
0x00007ff6ee3e0000 - 0x00007ff6ee3ee000 	C:\Users\A248737\.jdks\openjdk-20\bin\java.exe
0x00007ffbd45b0000 - 0x00007ffbd47a8000 	C:\WINDOWS\SYSTEM32\ntdll.dll
0x00007ffbd2980000 - 0x00007ffbd2a3f000 	C:\WINDOWS\System32\KERNEL32.DLL
0x00007ffbd1cc0000 - 0x00007ffbd1f9a000 	C:\WINDOWS\System32\KERNELBASE.dll
0x00007ffbb8b30000 - 0x00007ffbb8b47000 	C:\Users\A248737\.jdks\openjdk-20\bin\jli.dll
0x00007ffbd2250000 - 0x00007ffbd2350000 	C:\WINDOWS\System32\ucrtbase.dll
0x00007ffbb8b10000 - 0x00007ffbb8b2b000 	C:\Users\A248737\.jdks\openjdk-20\bin\VCRUNTIME140.dll
0x00007ffbd2ad0000 - 0x00007ffbd2c6d000 	C:\WINDOWS\System32\USER32.dll
0x00007ffbd2480000 - 0x00007ffbd24a2000 	C:\WINDOWS\System32\win32u.dll
0x00007ffbd3b30000 - 0x00007ffbd3b5b000 	C:\WINDOWS\System32\GDI32.dll
0x00007ffbd2500000 - 0x00007ffbd2610000 	C:\WINDOWS\System32\gdi32full.dll
0x00007ffbae1f0000 - 0x00007ffbae48a000 	C:\WINDOWS\WinSxS\amd64_microsoft.windows.common-controls_6595b64144ccf1df_6.0.19041.1110_none_60b5254171f9507e\COMCTL32.dll
0x00007ffbd23e0000 - 0x00007ffbd247d000 	C:\WINDOWS\System32\msvcp_win.dll
0x00007ffbd30f0000 - 0x00007ffbd318e000 	C:\WINDOWS\System32\msvcrt.dll
0x00007ffbd2830000 - 0x00007ffbd2860000 	C:\WINDOWS\System32\IMM32.DLL
0x00007ffbb8b00000 - 0x00007ffbb8b0c000 	C:\Users\A248737\.jdks\openjdk-20\bin\vcruntime140_1.dll
0x00007ffbb8a70000 - 0x00007ffbb8afe000 	C:\Users\A248737\.jdks\openjdk-20\bin\msvcp140.dll
0x00007ffb082a0000 - 0x00007ffb08f37000 	C:\Users\A248737\.jdks\openjdk-20\bin\server\jvm.dll
0x00007ffbd2fe0000 - 0x00007ffbd308e000 	C:\WINDOWS\System32\ADVAPI32.dll
0x00007ffbd2c80000 - 0x00007ffbd2d1c000 	C:\WINDOWS\System32\sechost.dll
0x00007ffbd3a00000 - 0x00007ffbd3b26000 	C:\WINDOWS\System32\RPCRT4.dll
0x00007ffbc7ee0000 - 0x00007ffbc7ee9000 	C:\WINDOWS\SYSTEM32\WSOCK32.dll
0x00007ffbd4400000 - 0x00007ffbd446b000 	C:\WINDOWS\System32\WS2_32.dll
0x00007ffbcecd0000 - 0x00007ffbcecda000 	C:\WINDOWS\SYSTEM32\VERSION.dll
0x00007ffbb7330000 - 0x00007ffbb7357000 	C:\WINDOWS\SYSTEM32\WINMM.dll
0x00007ffbd0340000 - 0x00007ffbd0352000 	C:\WINDOWS\SYSTEM32\kernel.appcore.dll
0x00007ffbb8a60000 - 0x00007ffbb8a6a000 	C:\Users\A248737\.jdks\openjdk-20\bin\jimage.dll
0x00007ffbceae0000 - 0x00007ffbcecc4000 	C:\WINDOWS\SYSTEM32\DBGHELP.DLL
0x00007ffbc4120000 - 0x00007ffbc4154000 	C:\WINDOWS\SYSTEM32\dbgcore.DLL
0x00007ffbd2350000 - 0x00007ffbd23d2000 	C:\WINDOWS\System32\bcryptPrimitives.dll
0x00007ffbccb90000 - 0x00007ffbccb9e000 	C:\Users\A248737\.jdks\openjdk-20\bin\instrument.dll
0x00007ffb870a0000 - 0x00007ffb870c6000 	C:\Users\A248737\.jdks\openjdk-20\bin\java.dll
0x00007ffb6c450000 - 0x00007ffb6c527000 	C:\Users\A248737\.jdks\openjdk-20\bin\jsvml.dll
0x00007ffbd3190000 - 0x00007ffbd38d4000 	C:\WINDOWS\System32\SHELL32.dll
0x00007ffbcfb90000 - 0x00007ffbd0323000 	C:\WINDOWS\SYSTEM32\windows.storage.dll
0x00007ffbd40a0000 - 0x00007ffbd43f4000 	C:\WINDOWS\System32\combase.dll
0x00007ffbd1560000 - 0x00007ffbd158e000 	C:\WINDOWS\SYSTEM32\Wldp.dll
0x00007ffbd3950000 - 0x00007ffbd39fd000 	C:\WINDOWS\System32\SHCORE.dll
0x00007ffbd3090000 - 0x00007ffbd30e5000 	C:\WINDOWS\System32\shlwapi.dll
0x00007ffbd1c00000 - 0x00007ffbd1c1f000 	C:\WINDOWS\SYSTEM32\profapi.dll
0x00007ffb6c3f0000 - 0x00007ffb6c408000 	C:\Users\A248737\.jdks\openjdk-20\bin\zip.dll
0x00007ffb6c430000 - 0x00007ffb6c443000 	C:\Users\A248737\.jdks\openjdk-20\bin\net.dll
0x00007ffbd0c00000 - 0x00007ffbd0d0a000 	C:\WINDOWS\SYSTEM32\WINHTTP.dll
0x00007ffbd1340000 - 0x00007ffbd13aa000 	C:\WINDOWS\system32\mswsock.dll
0x00007ffb6c410000 - 0x00007ffb6c426000 	C:\Users\A248737\.jdks\openjdk-20\bin\nio.dll
0x00007ffbc7bf0000 - 0x00007ffbc7c0a000 	C:\Program Files\JetBrains\IntelliJ IDEA Community Edition 2022.2.3\bin\breakgen64.dll
0x00007ffb8fd40000 - 0x00007ffb8fd47000 	C:\Users\A248737\.jdks\openjdk-20\bin\extnet.dll
0x00007ffb88c10000 - 0x00007ffb88c20000 	C:\Users\A248737\.jdks\openjdk-20\bin\verify.dll
0x00007ffbc7be0000 - 0x00007ffbc7bea000 	C:\Users\A248737\.jdks\openjdk-20\bin\management.dll
0x00007ffbc7bd0000 - 0x00007ffbc7bdb000 	C:\Users\A248737\.jdks\openjdk-20\bin\management_ext.dll
0x00007ffbd2c70000 - 0x00007ffbd2c78000 	C:\WINDOWS\System32\PSAPI.DLL
0x00007ffbb16f0000 - 0x00007ffbb1707000 	C:\WINDOWS\system32\napinsp.dll
0x00007ffbb16d0000 - 0x00007ffbb16eb000 	C:\WINDOWS\system32\pnrpnsp.dll
0x00007ffbcbbb0000 - 0x00007ffbcbbc5000 	C:\WINDOWS\system32\wshbth.dll
0x00007ffbcb610000 - 0x00007ffbcb62d000 	C:\WINDOWS\system32\NLAapi.dll
0x00007ffbd1050000 - 0x00007ffbd108c000 	C:\WINDOWS\SYSTEM32\IPHLPAPI.DLL
0x00007ffbd1090000 - 0x00007ffbd115b000 	C:\WINDOWS\SYSTEM32\DNSAPI.dll
0x00007ffbd3940000 - 0x00007ffbd3948000 	C:\WINDOWS\System32\NSI.dll
0x00007ffba03a0000 - 0x00007ffba03b2000 	C:\WINDOWS\System32\winrnr.dll
0x00007ffbc71e0000 - 0x00007ffbc71ea000 	C:\Windows\System32\rasadhlp.dll
0x00007ffbcb320000 - 0x00007ffbcb3a0000 	C:\WINDOWS\System32\fwpuclnt.dll
0x00007ffbd2010000 - 0x00007ffbd2037000 	C:\WINDOWS\System32\bcrypt.dll

dbghelp: loaded successfully - version: 4.0.5 - missing functions: none
symbol engine: initialized successfully - sym options: 0x614 - pdb path: .;C:\Users\A248737\.jdks\openjdk-20\bin;C:\WINDOWS\SYSTEM32;C:\WINDOWS\WinSxS\amd64_microsoft.windows.common-controls_6595b64144ccf1df_6.0.19041.1110_none_60b5254171f9507e;C:\Users\A248737\.jdks\openjdk-20\bin\server;C:\Program Files\JetBrains\IntelliJ IDEA Community Edition 2022.2.3\bin

VM Arguments:
jvm_args: -javaagent:C:\Program Files\JetBrains\IntelliJ IDEA Community Edition 2022.2.3\lib\idea_rt.jar=59411:C:\Program Files\JetBrains\IntelliJ IDEA Community Edition 2022.2.3\bin -Dfile.encoding=UTF-8 -Dsun.stdout.encoding=UTF-8 -Dsun.stderr.encoding=UTF-8 
java_command: Spring.example.salesinvoice.SalesinvoiceApplication
java_class_path (initial): C:\Users\A248737\Downloads\salesinvoice\salesinvoice\target\classes;C:\Users\A248737\.m2\repository\org\springframework\boot\spring-boot-starter-data-jpa\2.7.10\spring-boot-starter-data-jpa-2.7.10.jar;C:\Users\A248737\.m2\repository\org\springframework\boot\spring-boot-starter-aop\2.7.10\spring-boot-starter-aop-2.7.10.jar;C:\Users\A248737\.m2\repository\org\springframework\spring-aop\5.3.26\spring-aop-5.3.26.jar;C:\Users\A248737\.m2\repository\org\aspectj\aspectjweaver\1.9.7\aspectjweaver-1.9.7.jar;C:\Users\A248737\.m2\repository\jakarta\transaction\jakarta.transaction-api\1.3.3\jakarta.transaction-api-1.3.3.jar;C:\Users\A248737\.m2\repository\jakarta\persistence\jakarta.persistence-api\2.2.3\jakarta.persistence-api-2.2.3.jar;C:\Users\A248737\.m2\repository\org\hibernate\hibernate-core\5.6.15.Final\hibernate-core-5.6.15.Final.jar;C:\Users\A248737\.m2\repository\org\jboss\logging\jboss-logging\3.4.3.Final\jboss-logging-3.4.3.Final.jar;C:\Users\A248737\.m2\repository\net\bytebuddy\byte-buddy\1.12.23\byte-buddy-1.12.23.jar;C:\Users\A248737\.m2\repository\antlr\antlr\2.7.7\antlr-2.7.7.jar;C:\Users\A248737\.m2\repository\org\jboss\jandex\2.4.2.Final\jandex-2.4.2.Final.jar;C:\Users\A248737\.m2\repository\com\fasterxml\classmate\1.5.1\classmate-1.5.1.jar;C:\Users\A248737\.m2\repository\org\hibernate\common\hibernate-commons-annotations\5.1.2.Final\hibernate-commons-annotations-5.1.2.Final.jar;C:\Users\A248737\.m2\repository\org\glassfish\jaxb\jaxb-runtime\2.3.8\jaxb-runtime-2.3.8.jar;C:\Users\A248737\.m2\repository\org\glassfish\jaxb\txw2\2.3.8\txw2-2.3.8.jar;C:\Users\A248737\.m2\repository\com\sun\istack\istack-commons-runtime\3.0.12\istack-commons-runtime-3.0.12.jar;C:\Users\A248737\.m2\repository\com\sun\activation\jakarta.activation\1.2.2\jakarta.activation-1.2.2.jar;C:\Users\A248737\.m2\repository\org\springframework\data\spring-data-jpa\2.7.10\spring-data-jpa-2.7.10.jar;C:\Users\A248737\.m2\repository\org\springframework\data\spring-data-commons\2.7.10\spring-data-commons-2.7.10.jar;C:\Users\A248737\.m2\repository\org\springframework\spring-orm\5.3.26\spring-orm-5.3.26.jar;C:\Users\A248737\.m2\repository\org\springframework\spring-context\5.3.26\spring-context-5.3.26.jar;C:\Users\A248737\.m2\repository\org\springframework\spring-beans\5.3.26\spring-beans-5.3.26.jar;C:\Users\A248737\.m2\repository\org\slf4j\slf4j-api\1.7.36\slf4j-api-1.7.36.jar;C:\Users\A248737\.m2\repository\org\springframework\spring-aspects\5.3.26\spring-aspects-5.3.26.jar;C:\Users\A248737\.m2\repository\org\springframework\boot\spring-boot-starter-jooq\2.7.10\spring-boot-starter-jooq-2.7.10.jar;C:\Users\A248737\.m2\repository\jakarta\activation\jakarta.activation-api\1.2.2\jakarta.activation-api-1.2.2.jar;C:\Users\A248737\.m2\repository\jakarta\xml\bind\jakarta.xml.bind-api\2.3.3\jakarta.xml.bind-api-2.3.3.jar;C:\Users\A248737\.m2\repository\org\springframework\spring-tx\5.3.26\spring-tx-5.3.26.jar;C:\Users\A248737\.m2\repository\org\jooq\jooq\3.14.16\jooq-3.14.16.jar;C:\Users\A248737\.m2\repository\org\reactivestreams\reactive-streams\1.0.4\reactive-streams-1.0.4.jar;C:\Users\A248737\.m2\repository\org\springframework\boot\spring-boot-starter-web\2.7.10\spring-boot-starter-web-2.7.10.jar;C:\Users\A248737\.m2\repository\org\springframework\boot\spring-boot-starter\2.7.10\spring-boot-starter-2.7.10.jar;C:\Users\A248737\.m2\repository\org\springframework\boot\spring-boot\2.7.10\spring-boot-2.7.10.jar;C:\Users\A248737\.m2\repository\org\springframework\boot\spring-boot-autoconfigure\2.7.10\spring-boot-autoconfigure-2.7.10.jar;C:\Users\A248737\.m2\repository\org\springframework\boot\spring-boot-starter-logging\2.7.10\spring-boot-starter-logging-2.7.10.jar;C:\Users\A248737\.m2\repository\ch\qos\logback\logback-classic\1.2.11\logback-classic-1.2.11.jar;C:\Users\A248737\.m2\repository\ch\qos\logback\logback-core\1.2.11\logback-core-1.2.11.jar;C:\Users\A248737\.m2\repository\org\apache\logging\log4j\log4j-to-slf4j\2.17.2\log4j-to-slf4j-2.17.2.jar;C:\Users\A248737\.m2\repository\org\apache\logging\log4j\log4j-api\2.17.2\log4j-api-2.17.2.jar;C:\Users\A248737\.m2\repository\org\slf4j\jul-to-slf4j\1.7.36\jul-to-slf4j-1.7.36.jar;C:\Users\A248737\.m2\repository\jakarta\annotation\jakarta.annotation-api\1.3.5\jakarta.annotation-api-1.3.5.jar;C:\Users\A248737\.m2\repository\org\yaml\snakeyaml\1.30\snakeyaml-1.30.jar;C:\Users\A248737\.m2\repository\org\springframework\boot\spring-boot-starter-json\2.7.10\spring-boot-starter-json-2.7.10.jar;C:\Users\A248737\.m2\repository\com\fasterxml\jackson\core\jackson-databind\2.13.5\jackson-databind-2.13.5.jar;C:\Users\A248737\.m2\repository\com\fasterxml\jackson\core\jackson-annotations\2.13.5\jackson-annotations-2.13.5.jar;C:\Users\A248737\.m2\repository\com\fasterxml\jackson\core\jackson-core\2.13.5\jackson-core-2.13.5.jar;C:\Users\A248737\.m2\repository\com\fasterxml\jackson\datatype\jackson-datatype-jdk8\2.13.5\jackson-datatype-jdk8-2.13.5.jar;C:\Users\A248737\.m2\repository\com\fasterxml\jackson\datatype\jackson-datatype-jsr310\2.13.5\jackson-datatype-jsr310-2.13.5.jar;C:\Users\A248737\.m2\repository\com\fasterxml\jackson\module\jackson-module-parameter-names\2.13.5\jackson-module-parameter-names-2.13.5.jar;C:\Users\A248737\.m2\repository\org\springframework\boot\spring-boot-starter-tomcat\2.7.10\spring-boot-starter-tomcat-2.7.10.jar;C:\Users\A248737\.m2\repository\org\apache\tomcat\embed\tomcat-embed-core\9.0.73\tomcat-embed-core-9.0.73.jar;C:\Users\A248737\.m2\repository\org\apache\tomcat\embed\tomcat-embed-el\9.0.73\tomcat-embed-el-9.0.73.jar;C:\Users\A248737\.m2\repository\org\apache\tomcat\embed\tomcat-embed-websocket\9.0.73\tomcat-embed-websocket-9.0.73.jar;C:\Users\A248737\.m2\repository\org\springframework\spring-web\5.3.26\spring-web-5.3.26.jar;C:\Users\A248737\.m2\repository\org\springframework\spring-webmvc\5.3.26\spring-webmvc-5.3.26.jar;C:\Users\A248737\.m2\repository\org\springframework\spring-expression\5.3.26\spring-expression-5.3.26.jar;C:\Users\A248737\.m2\repository\org\springframework\boot\spring-boot-starter-jdbc\2.7.10\spring-boot-starter-jdbc-2.7.10.jar;C:\Users\A248737\.m2\repository\com\zaxxer\HikariCP\4.0.3\HikariCP-4.0.3.jar;C:\Users\A248737\.m2\repository\org\springframework\spring-jdbc\5.3.26\spring-jdbc-5.3.26.jar;C:\Users\A248737\.m2\repository\org\mybatis\spring\boot\mybatis-spring-boot-starter\2.3.0\mybatis-spring-boot-starter-2.3.0.jar;C:\Users\A248737\.m2\repository\org\mybatis\spring\boot\mybatis-spring-boot-autoconfigure\2.3.0\mybatis-spring-boot-autoconfigure-2.3.0.jar;C:\Users\A248737\.m2\repository\org\mybatis\mybatis\3.5.11\mybatis-3.5.11.jar;C:\Users\A248737\.m2\repository\org\mybatis\mybatis-spring\2.1.0\mybatis-spring-2.1.0.jar;C:\Users\A248737\.m2\repository\javax\persistence\javax.persistence-api\2.2\javax.persistence-api-2.2.jar;C:\Users\A248737\.m2\repository\com\h2database\h2\2.1.214\h2-2.1.214.jar;C:\Users\A248737\.m2\repository\org\springframework\spring-core\5.3.26\spring-core-5.3.26.jar;C:\Users\A248737\.m2\repository\org\springframework\spring-jcl\5.3.26\spring-jcl-5.3.26.jar
Launcher Type: SUN_STANDARD

[Global flags]
     intx CICompilerCount                          = 4                                         {product} {ergonomic}
     uint ConcGCThreads                            = 3                                         {product} {ergonomic}
     uint G1ConcRefinementThreads                  = 10                                        {product} {ergonomic}
   size_t G1HeapRegionSize                         = 2097152                                   {product} {ergonomic}
    uintx GCDrainStackTargetSize                   = 64                                        {product} {ergonomic}
   size_t InitialHeapSize                          = 264241152                                 {product} {ergonomic}
   size_t MarkStackSize                            = 4194304                                   {product} {ergonomic}
   size_t MaxHeapSize                              = 4213178368                                {product} {ergonomic}
   size_t MaxNewSize                               = 2527068160                                {product} {ergonomic}
   size_t MinHeapDeltaBytes                        = 2097152                                   {product} {ergonomic}
   size_t MinHeapSize                              = 8388608                                   {product} {ergonomic}
    uintx NonNMethodCodeHeapSize                   = 5839372                                {pd product} {ergonomic}
    uintx NonProfiledCodeHeapSize                  = 122909434                              {pd product} {ergonomic}
    uintx ProfiledCodeHeapSize                     = 122909434                              {pd product} {ergonomic}
    uintx ReservedCodeCacheSize                    = 251658240                              {pd product} {ergonomic}
     bool SegmentedCodeCache                       = true                                      {product} {ergonomic}
   size_t SoftMaxHeapSize                          = 4213178368                             {manageable} {ergonomic}
     bool UseCompressedClassPointers               = true                           {product lp64_product} {ergonomic}
     bool UseCompressedOops                        = true                           {product lp64_product} {ergonomic}
     bool UseG1GC                                  = true                                      {product} {ergonomic}
     bool UseLargePagesIndividualAllocation        = false                                  {pd product} {ergonomic}

Logging:
Log output configuration:
 #0: stdout all=warning uptime,level,tags foldmultilines=false
 #1: stderr all=off uptime,level,tags foldmultilines=false

Environment Variables:
JAVA_HOME=C:\java\openjdk-11.0.16
PATH=C:\Python311\Scripts\;C:\Python311\;C:\Program Files\Microsoft MPI\Bin\;C:\Program Files\Microsoft\jdk-11.0.12.7-hotspot\bin;C:\WINDOWS\CCM\;C:\Program Files (x86)\Common Files\Oracle\Java\javapath;C:\WINDOWS\system32;C:\WINDOWS;C:\WINDOWS\System32\Wbem;C:\WINDOWS\System32\WindowsPowerShell\v1.0\;C:\WINDOWS\System32\OpenSSH\;C:\WINDOWS\system32\config\systemprofile\AppData\Local\Microsoft\WindowsApps;C:\Program Files (x86)\Adaptiva\AdaptivaClient\bin\x32;C:\Program Files (x86)\Adaptiva\AdaptivaClient\bin\x64;C:\Program Files\Docker\Docker\resources\bin;C:\ProgramData\DockerDesktop\version-bin;C:\Program Files (x86)\Microsoft SQL Server\150\DTS\Binn\;C:\Program Files\Azure Data Studio\bin;C:\Program Files (x86)\Microsoft SQL Server\160\Tools\Binn\;C:\Program Files\Microsoft SQL Server\160\Tools\Binn\;C:\Program Files\Microsoft SQL Server\Client SDK\ODBC\170\Tools\Binn\;C:\Program Files\Microsoft SQL Server\160\DTS\Binn\;C:\Program Files (x86)\Microsoft SQL Server\160\DTS\Binn\;C:\Program Files\dotnet\;C:\Program Files\Microsoft SQL Server\150\Tools\Binn\;C:\Program Files\nodejs\;C:\ProgramData\chocolatey\bin;C:\Users\A248737\AppData\Local\Microsoft\WindowsApps;C:\Users\A248737\AppData\Local\Programs\Microsoft VS Code\bin;C:\Program Files\JetBrains\IntelliJ IDEA Community Edition 2022.2.3\bin;;C:\Users\A248737\AppData\Local\Programs\Git\cmd;C:\java\openjdk-11.0.16\bin;C:\apps\apache-maven-3.6.3\bin;C:\Users\A248737\.dotnet\tools;C:\Program Files\Azure Data Studio\bin;C:\Users\A248737\AppData\Roaming\npm
USERNAME=A248737
OS=Windows_NT
PROCESSOR_IDENTIFIER=Intel64 Family 6 Model 154 Stepping 4, GenuineIntel
TMP=C:\Users\A248737\AppData\Local\Temp\6
TEMP=C:\Users\A248737\AppData\Local\Temp\6




---------------  S Y S T E M  ---------------

OS:
 Windows 10 , 64 bit Build 19041 (10.0.19041.2788)
OS uptime: 6 days 14:00 hours
Hyper-V role detected

CPU: total 12 (initial active 12) (6 cores per cpu, 2 threads per core) family 6 model 154 stepping 4 microcode 0x41f, cx8, cmov, fxsr, ht, mmx, 3dnowpref, sse, sse2, sse3, ssse3, sse4.1, sse4.2, popcnt, lzcnt, tsc, tscinvbit, avx, avx2, aes, erms, clmul, bmi1, bmi2, adx, sha, fma, vzeroupper, clflush, clflushopt, clwb, hv, rdtscp, rdpid, fsrm, f16c, cet_ibt, cet_ss

Memory: 4k page, system-wide physical 16068M (714M free)
TotalPageFile size 46477M (AvailPageFile size 7M)
current process WorkingSet (physical memory assigned to process): 152M, peak: 153M
current process commit charge ("private bytes"): 404M, peak: 406M

vm_info: OpenJDK 64-Bit Server VM (20+36-2344) for windows-amd64 JRE (20+36-2344), built on 2023-02-10T19:30:15Z by "mach5one" with MS VC++ 17.1 (VS2022)

END.
